<?xml version="1.0" encoding="UTF-8"?>
<!-- Generated by org.testng.reporters.JUnitReportReporter -->
<testsuite skipped="0" hostname="Abe-laptop" name="scripts._10_WindowHandles" tests="2" failures="0" timestamp="2022-06-11T14:45:53 CDT" time="20.872" errors="0">
  <testcase name="testTechGlobalSchoolFacebookIcon" time="11.265" classname="scripts._10_WindowHandles"/>
  <system-out/>
  <testcase name="heading3" time="9.607" classname="scripts._10_WindowHandles"/>
  <system-out/>
</testsuite> <!-- scripts._10_WindowHandles -->
