<?xml version="1.0" encoding="UTF-8"?>
<!-- Generated by org.testng.reporters.JUnitReportReporter -->
<testsuite skipped="0" hostname="Abe-laptop" name="scripts._09_IFrames" tests="2" failures="0" timestamp="2022-06-11T14:45:53 CDT" time="71.304" errors="0">
  <testcase name="testIFrame1" time="18.615" classname="scripts._09_IFrames"/>
  <system-out/>
  <testcase name="testIFrame2" time="52.689" classname="scripts._09_IFrames"/>
  <system-out/>
</testsuite> <!-- scripts._09_IFrames -->
