<?xml version="1.0" encoding="UTF-8"?>
<!-- Generated by org.testng.reporters.JUnitReportReporter -->
<testsuite skipped="0" hostname="Abe-laptop" name="scripts._05_CheckBoxTest" tests="1" failures="0" timestamp="2022-06-11T14:45:53 CDT" time="16.681" errors="0">
  <testcase name="testCheckBoxInHeroApp" time="16.681" classname="scripts._05_CheckBoxTest"/>
  <system-out/>
</testsuite> <!-- scripts._05_CheckBoxTest -->
