<?xml version="1.0" encoding="UTF-8"?>
<!-- Generated by org.testng.reporters.JUnitReportReporter -->
<testsuite skipped="0" hostname="Abe-laptop" name="scripts._03_EtsyTest" tests="3" failures="0" timestamp="2022-05-22T15:55:09 CDT" time="14.273" errors="0">
  <testcase name="testEtsyLogo" time="4.075" classname="scripts._03_EtsyTest"/>
  <system-out/>
  <testcase name="testEtsySearch" time="4.099" classname="scripts._03_EtsyTest"/>
  <system-out/>
  <testcase name="testEtsySearchResult" time="6.099" classname="scripts._03_EtsyTest"/>
  <system-out/>
</testsuite> <!-- scripts._03_EtsyTest -->
