<?xml version="1.0" encoding="UTF-8"?>
<!-- Generated by org.testng.reporters.JUnitReportReporter -->
<testsuite skipped="0" hostname="Abe-laptop" name="scripts._02_TechGlobalTest" tests="1" failures="0" timestamp="2022-05-22T15:55:09 CDT" time="2.631" errors="0">
  <testcase name="testApplicationFormHeading" time="2.631" classname="scripts._02_TechGlobalTest"/>
  <system-out/>
</testsuite> <!-- scripts._02_TechGlobalTest -->
