<?xml version="1.0" encoding="UTF-8"?>
<!-- Generated by org.testng.reporters.JUnitReportReporter -->
<testsuite skipped="0" hostname="Abe-laptop" name="scripts._06_RadioButtonTest" tests="1" failures="0" timestamp="2022-06-11T14:45:53 CDT" time="35.147" errors="0">
  <testcase name="testFacebookGenderRadioButtons" time="35.147" classname="scripts._06_RadioButtonTest"/>
  <system-out/>
</testsuite> <!-- scripts._06_RadioButtonTest -->
