<?xml version="1.0" encoding="UTF-8"?>
<!-- Generated by org.testng.reporters.JUnitReportReporter -->
<testsuite skipped="0" hostname="Abe-laptop" name="scripts._11_FileUpload" tests="2" failures="0" timestamp="2022-06-11T14:45:53 CDT" time="28.784" errors="0">
  <testcase name="testFileUpload1" time="19.492" classname="scripts._11_FileUpload"/>
  <system-out/>
  <testcase name="testFileDownload" time="9.292" classname="scripts._11_FileUpload"/>
  <system-out/>
</testsuite> <!-- scripts._11_FileUpload -->
