<?xml version="1.0" encoding="UTF-8"?>
<!-- Generated by org.testng.reporters.JUnitReportReporter -->
<testsuite skipped="0" hostname="Abe-laptop" name="scripts._12_Actions_Class" tests="7" failures="0" timestamp="2022-06-11T14:45:53 CDT" time="149.151" errors="0">
  <testcase name="moveToElementPractice1" time="13.411" classname="scripts._12_Actions_Class"/>
  <system-out/>
  <testcase name="moveToElementPractice2" time="27.276" classname="scripts._12_Actions_Class"/>
  <system-out/>
  <testcase name="clickOnElementPractice" time="13.647" classname="scripts._12_Actions_Class"/>
  <system-out/>
  <testcase name="rightClickOnElementPractice" time="11.547" classname="scripts._12_Actions_Class"/>
  <system-out/>
  <testcase name="clickHoldAndReleasePractice" time="29.659" classname="scripts._12_Actions_Class"/>
  <system-out/>
  <testcase name="sendKeysToAnElement" time="31.673" classname="scripts._12_Actions_Class"/>
  <system-out/>
  <testcase name="practiceKeyDownAndKeyUp" time="21.938" classname="scripts._12_Actions_Class"/>
  <system-out/>
</testsuite> <!-- scripts._12_Actions_Class -->
